0 info it worked if it ends with ok
1 verbose cli [ 'node', '/usr/local/bin/npm', 'start' ]
2 info using npm@1.5.0-alpha-1
3 info using node@v0.10.29
4 verbose node symlink /usr/local/bin/node
5 verbose run-script [ 'prestart', 'start', 'poststart' ]
6 info prestart mysql@0.0.1
7 info start mysql@0.0.1
8 verbose unsafe-perm in lifecycle true
9 info mysql@0.0.1 Failed to exec start script
10 error mysql@0.0.1 start: `node ./bin/www`
10 error Exit status 8
11 error Failed at the mysql@0.0.1 start script.
11 error This is most likely a problem with the mysql package,
11 error not with npm itself.
11 error Tell the author that this fails on your system:
11 error     node ./bin/www
11 error You can get their info via:
11 error     npm owner ls mysql
11 error There is likely additional logging output above.
12 error System Darwin 13.1.0
13 error command "node" "/usr/local/bin/npm" "start"
14 error cwd /Users/Chloe/code/mysql
15 error node -v v0.10.29
16 error npm -v 1.5.0-alpha-1
17 error code ELIFECYCLE
18 verbose exit [ 1, true ]
